{"level":"info","message":"Server started","timestamp":"2025-07-08T13:32:45.862Z"}
{"level":"info","message":"Payment added","timestamp":"2025-07-08T13:32:55.268Z","user_id":"user123"}
{"latency":"51ms","level":"info","message":"API latency","timestamp":"2025-07-08T13:32:55.280Z","url":"/api/payments/add"}
{"filter":{"payment_method":"UPI","status":"pending","user_id":"user123"},"level":"info","message":"Payments fetched","timestamp":"2025-07-08T13:33:27.351Z"}
{"latency":"35ms","level":"info","message":"API latency","timestamp":"2025-07-08T13:33:27.358Z","url":"/api/payments/get"}
{"filter":{"status":"pending"},"level":"info","message":"Payments fetched","timestamp":"2025-07-08T13:33:40.280Z"}
{"latency":"10ms","level":"info","message":"API latency","timestamp":"2025-07-08T13:33:40.283Z","url":"/api/payments/get"}
{"count":1,"date":"2025-07-08","level":"info","message":"Payments counted","timestamp":"2025-07-08T13:33:51.986Z"}
{"latency":"52ms","level":"info","message":"API latency","timestamp":"2025-07-08T13:33:51.988Z","url":"/api/payments/count-by-date"}
{"level":"info","message":"Server started","timestamp":"2025-07-08T13:34:08.720Z"}
{"level":"info","message":"Server started","timestamp":"2025-07-08T13:34:24.508Z"}
{"level":"info","message":"Server started","timestamp":"2025-07-08T13:34:29.880Z"}
{"level":"info","message":"Server started","timestamp":"2025-07-08T13:34:31.647Z"}
{"id":"686d1e07cef69729f952bfbd","level":"info","message":"Payment status updated","status":"pending","timestamp":"2025-07-08T13:35:14.780Z"}
{"latency":"83ms","level":"info","message":"API latency","timestamp":"2025-07-08T13:35:14.801Z","url":"/api/payments/status-update"}
{"level":"info","message":"Payment added","timestamp":"2025-07-08T13:37:15.732Z","user_id":"user1234"}
{"latency":"32ms","level":"info","message":"API latency","timestamp":"2025-07-08T13:37:15.734Z","url":"/api/payments/add"}
{"filter":{},"level":"info","message":"Payments fetched","timestamp":"2025-07-08T13:37:22.842Z"}
{"latency":"16ms","level":"info","message":"API latency","timestamp":"2025-07-08T13:37:22.844Z","url":"/api/payments/get"}
{"filter":{"status":"pending"},"level":"info","message":"Payments fetched","timestamp":"2025-07-08T13:37:30.666Z"}
{"latency":"10ms","level":"info","message":"API latency","timestamp":"2025-07-08T13:37:30.668Z","url":"/api/payments/get"}
{"filter":{"payment_method":"UPI"},"level":"info","message":"Payments fetched","timestamp":"2025-07-08T13:37:47.166Z"}
{"latency":"6ms","level":"info","message":"API latency","timestamp":"2025-07-08T13:37:47.167Z","url":"/api/payments/get"}
{"filter":{"user_id":"user123"},"level":"info","message":"Payments fetched","timestamp":"2025-07-08T13:37:57.386Z"}
{"latency":"8ms","level":"info","message":"API latency","timestamp":"2025-07-08T13:37:57.391Z","url":"/api/payments/get"}
{"count":2,"date":"2025-07-08","level":"info","message":"Payments counted","timestamp":"2025-07-08T13:39:04.028Z"}
{"latency":"10ms","level":"info","message":"API latency","timestamp":"2025-07-08T13:39:04.032Z","url":"/api/payments/count-by-date"}
{"level":"info","message":"Server started","timestamp":"2025-07-08T13:46:52.126Z"}
{"filter":{},"level":"info","limit":10,"message":"Payments counted & paginated","page":1,"timestamp":"2025-07-08T13:46:55.624Z","total":2}
{"latency":"79ms","level":"info","message":"API latency","timestamp":"2025-07-08T13:46:55.639Z","url":"/api/payments/count-by-date"}
{"level":"info","message":"Server started","timestamp":"2025-07-08T13:47:22.225Z"}
{"level":"info","message":"Server started","timestamp":"2025-07-08T13:47:27.899Z"}
{"level":"info","message":"Server started","timestamp":"2025-07-08T13:47:47.729Z"}
{"level":"info","message":"Server started","timestamp":"2025-07-08T13:47:53.891Z"}
{"level":"info","message":"Server started","timestamp":"2025-07-08T13:48:12.522Z"}
{"level":"info","message":"Server started","timestamp":"2025-07-08T13:48:21.247Z"}
{"level":"info","message":"Server started","timestamp":"2025-07-08T13:48:24.351Z"}
{"filter":{"datetime":{"$gte":"2025-07-01T00:00:00.000Z","$lte":"2025-07-08T00:00:00.000Z"},"payment_method":"UPI","status":"success","user_id":"user123"},"level":"info","limit":5,"message":"Payments counted & paginated","page":2,"timestamp":"2025-07-08T13:48:39.731Z","total":0}
{"latency":"28ms","level":"info","message":"API latency","timestamp":"2025-07-08T13:48:39.739Z","url":"/api/payments/count-by-date"}
{"level":"info","message":"Server started","timestamp":"2025-07-08T13:48:59.881Z"}
{"count":2,"date":"2025-07-08","level":"info","message":"Payments counted","timestamp":"2025-07-08T13:49:23.602Z"}
{"latency":"38ms","level":"info","message":"API latency","timestamp":"2025-07-08T13:49:23.615Z","url":"/api/payments/count-by-date"}
{"level":"info","message":"Payment added","timestamp":"2025-07-08T13:50:09.664Z","user_id":"user12343"}
{"latency":"32ms","level":"info","message":"API latency","timestamp":"2025-07-08T13:50:09.666Z","url":"/api/payments/add"}
{"level":"info","message":"Payment added","timestamp":"2025-07-08T13:50:11.935Z","user_id":"user12345"}
{"latency":"11ms","level":"info","message":"API latency","timestamp":"2025-07-08T13:50:11.938Z","url":"/api/payments/add"}
{"level":"info","message":"Server started","timestamp":"2025-07-08T13:51:17.538Z"}
{"level":"info","message":"Server started","timestamp":"2025-07-08T13:51:20.749Z"}
{"level":"info","message":"Server started","timestamp":"2025-07-08T13:51:32.601Z"}
{"level":"info","message":"Server started","timestamp":"2025-07-08T13:51:44.150Z"}
{"level":"info","message":"Server started","timestamp":"2025-07-08T13:51:46.187Z"}
{"level":"info","message":"Server started","timestamp":"2025-07-08T13:51:52.211Z"}
{"level":"info","message":"Server started","timestamp":"2025-07-08T13:51:56.152Z"}
{"level":"info","message":"Server started","timestamp":"2025-07-08T13:52:05.286Z"}
{"level":"info","message":"Server started","timestamp":"2025-07-08T13:52:08.987Z"}
{"level":"info","message":"Server started","timestamp":"2025-07-08T13:52:15.225Z"}
{"level":"info","message":"Server started","timestamp":"2025-07-08T13:52:18.168Z"}
{"level":"info","message":"Server started","timestamp":"2025-07-08T13:52:24.536Z"}
{"level":"info","message":"Server started","timestamp":"2025-07-08T13:52:26.930Z"}
{"level":"info","message":"Server started","timestamp":"2025-07-08T13:52:30.373Z"}
{"level":"info","message":"Server started","timestamp":"2025-07-08T13:52:34.556Z"}
{"level":"info","message":"Server started","timestamp":"2025-07-08T13:52:39.188Z"}
{"level":"info","message":"Server started","timestamp":"2025-07-08T13:52:41.247Z"}
{"level":"info","message":"Server started","timestamp":"2025-07-08T13:52:43.648Z"}
{"level":"info","message":"Server started","timestamp":"2025-07-08T13:52:47.836Z"}
{"level":"info","message":"Server started","timestamp":"2025-07-08T13:52:52.015Z"}
{"error":"date is not defined","level":"error","message":"Error counting payments","timestamp":"2025-07-08T13:53:05.541Z"}
{"latency":"36ms","level":"info","message":"API latency","timestamp":"2025-07-08T13:53:05.554Z","url":"/api/payments/count-by-date"}
{"level":"info","message":"Server started","timestamp":"2025-07-08T13:53:29.218Z"}
{"level":"info","message":"Server started","timestamp":"2025-07-08T13:53:32.294Z"}
{"error":"date is not defined","level":"error","message":"Error counting payments","timestamp":"2025-07-08T13:53:35.787Z"}
{"latency":"27ms","level":"info","message":"API latency","timestamp":"2025-07-08T13:53:35.797Z","url":"/api/payments/count-by-date"}
{"error":"date is not defined","level":"error","message":"Error counting payments","timestamp":"2025-07-08T13:54:09.386Z"}
{"latency":"15ms","level":"info","message":"API latency","timestamp":"2025-07-08T13:54:09.393Z","url":"/api/payments/count-by-date"}
{"level":"info","message":"Server started","timestamp":"2025-07-08T13:54:53.462Z"}
{"level":"info","message":"Server started","timestamp":"2025-07-08T13:55:28.218Z"}
{"error":"date is not defined","level":"error","message":"Error counting payments","timestamp":"2025-07-08T13:55:37.147Z"}
{"latency":"50ms","level":"info","message":"API latency","timestamp":"2025-07-08T13:55:37.161Z","url":"/api/payments/count-by-date"}
{"error":"date is not defined","level":"error","message":"Error counting payments","timestamp":"2025-07-08T13:59:00.812Z"}
{"count":3,"date":"2025-07-08","level":"info","message":"Payments counted","timestamp":"2025-07-08T13:59:02.157Z"}
{"latency":"1339ms","level":"info","message":"API latency","timestamp":"2025-07-08T13:59:02.159Z","url":"/api/payments/count-by-date"}
{"level":"info","message":"Server started","timestamp":"2025-07-08T14:00:13.119Z"}
{"level":"info","message":"Payment count by date fetched","timestamp":"2025-07-08T14:00:18.737Z"}
{"latency":"2796ms","level":"info","message":"API latency","timestamp":"2025-07-08T14:00:18.757Z","url":"/api/payments/count-by-date"}
{"level":"info","message":"Payment count by date fetched","timestamp":"2025-07-08T14:01:20.321Z"}
{"latency":"52277ms","level":"info","message":"API latency","timestamp":"2025-07-08T14:01:22.215Z","url":"/api/payments/count-by-date"}
{"level":"info","message":"Payment count by date fetched","timestamp":"2025-07-08T14:01:27.535Z"}
{"latency":"6ms","level":"info","message":"API latency","timestamp":"2025-07-08T14:01:27.538Z","url":"/api/payments/count-by-date"}
{"level":"info","message":"Server started","timestamp":"2025-07-08T14:01:34.015Z"}
{"error":"date is not defined","level":"error","message":"Error counting payments","timestamp":"2025-07-08T14:01:40.785Z"}
{"latency":"22ms","level":"info","message":"API latency","timestamp":"2025-07-08T14:01:40.794Z","url":"/api/payments/count-by-date"}
{"level":"info","message":"Server started","timestamp":"2025-07-08T14:05:44.597Z"}
{"level":"info","message":"Server started","timestamp":"2025-07-08T14:12:48.434Z"}
{"length":0,"level":"info","message":"Grouped payment data fetched","timestamp":"2025-07-08T14:12:57.171Z"}
{"latency":"4132ms","level":"info","message":"API latency","timestamp":"2025-07-08T14:12:57.191Z","url":"/api/payments/count-by-date"}
{"length":0,"level":"info","message":"Grouped payment data fetched","timestamp":"2025-07-08T14:13:28.849Z"}
{"latency":"2476ms","level":"info","message":"API latency","timestamp":"2025-07-08T14:13:28.856Z","url":"/api/payments/count-by-date"}
{"length":0,"level":"info","message":"Grouped payment data fetched","timestamp":"2025-07-08T14:13:55.179Z"}
{"latency":"1335ms","level":"info","message":"API latency","timestamp":"2025-07-08T14:13:55.184Z","url":"/api/payments/count-by-date"}
{"level":"info","message":"Server started","timestamp":"2025-07-08T14:15:41.491Z"}
{"days":2,"level":"info","message":"Fetched all payment data grouped by date","timestamp":"2025-07-08T14:15:52.027Z"}
{"latency":"6032ms","level":"info","message":"API latency","timestamp":"2025-07-08T14:15:52.100Z","url":"/api/payments/count-by-date"}
{"days":2,"level":"info","message":"Fetched all payment data grouped by date","timestamp":"2025-07-08T14:16:17.862Z"}
{"latency":"3921ms","level":"info","message":"API latency","timestamp":"2025-07-08T14:16:17.875Z","url":"/api/payments/count-by-date"}
{"level":"info","message":"Server started","timestamp":"2025-07-08T14:16:24.351Z"}
{"days":2,"level":"info","message":"Fetched all payment data grouped by date","timestamp":"2025-07-08T14:16:31.069Z"}
{"latency":"17ms","level":"info","message":"API latency","timestamp":"2025-07-08T14:16:31.077Z","url":"/api/payments/count-by-date"}
{"days":2,"level":"info","message":"Fetched all payment data grouped by date","timestamp":"2025-07-08T14:17:04.907Z"}
{"latency":"8ms","level":"info","message":"API latency","timestamp":"2025-07-08T14:17:04.910Z","url":"/api/payments/count-by-date"}
{"level":"info","message":"Server started","timestamp":"2025-07-08T14:28:23.458Z"}
